
[18:21:37 UTC] [SUCCESS] {"required_plugins":{"active":[{"name":"Spectra","slug":"ultimate-addons-for-gutenberg","init":"ultimate-addons-for-gutenberg\/ultimate-addons-for-gutenberg.php"}],"inactive":[],"notinstalled":[{"name":"SureForms","slug":"sureforms","init":"sureforms\/sureforms.php","action":"http:\/\/localhost\/chicoxana\/wp-admin\/update.php?action=install-plugin&plugin=sureforms&_wpnonce=4d84573199"},{"name":"SureRank","slug":"surerank","init":"surerank\/surerank.php","action":"http:\/\/localhost\/chicoxana\/wp-admin\/update.php?action=install-plugin&plugin=surerank&_wpnonce=fda5a80a58"},{"name":"WooCommerce","slug":"woocommerce","init":"woocommerce\/woocommerce.php","action":"http:\/\/localhost\/chicoxana\/wp-admin\/update.php?action=install-plugin&plugin=woocommerce&_wpnonce=af6dfb2b91"},{"name":"LatePoint","slug":"latepoint","init":"latepoint\/latepoint.php","action":"http:\/\/localhost\/chicoxana\/wp-admin\/update.php?action=install-plugin&plugin=latepoint&_wpnonce=849f90039b"},{"name":"SureTriggers","slug":"suretriggers","init":"suretriggers\/suretriggers.php","action":"http:\/\/localhost\/chicoxana\/wp-admin\/update.php?action=install-plugin&plugin=suretriggers&_wpnonce=17c07a2da2"}]},"third_party_required_plugins":[],"update_avilable_plugins":[],"incompatible_plugins":[],"error":false} | Context: {"required_plugins":{"active":[{"name":"Spectra","slug":"ultimate-addons-for-gutenberg","init":"ultimate-addons-for-gutenberg\/ultimate-addons-for-gutenberg.php"}],"inactive":[],"notinstalled":[{"name":"SureForms","slug":"sureforms","init":"sureforms\/sureforms.php","action":"http:\/\/localhost\/chicoxana\/wp-admin\/update.php?action=install-plugin&plugin=sureforms&_wpnonce=4d84573199"},{"name":"SureRank","slug":"surerank","init":"surerank\/surerank.php","action":"http:\/\/localhost\/chicoxana\/wp-admin\/update.php?action=install-plugin&plugin=surerank&_wpnonce=fda5a80a58"},{"name":"WooCommerce","slug":"woocommerce","init":"woocommerce\/woocommerce.php","action":"http:\/\/localhost\/chicoxana\/wp-admin\/update.php?action=install-plugin&plugin=woocommerce&_wpnonce=af6dfb2b91"},{"name":"LatePoint","slug":"latepoint","init":"latepoint\/latepoint.php","action":"http:\/\/localhost\/chicoxana\/wp-admin\/update.php?action=install-plugin&plugin=latepoint&_wpnonce=849f90039b"},{"name":"SureTriggers","slug":"suretriggers","init":"suretriggers\/suretriggers.php","action":"http:\/\/localhost\/chicoxana\/wp-admin\/update.php?action=install-plugin&plugin=suretriggers&_wpnonce=17c07a2da2"}]},"third_party_required_plugins":[],"update_avilable_plugins":[],"incompatible_plugins":[],"error":false}
[18:21:40 UTC] [INFO] Starting import process | Context: {"template_type":"ai","uuid":"b6a3fe6d-1773-4366-a425-1c71eb4e3eda"}
[18:21:40 UTC] [INFO] AI import started flag set | Context: {"uuid":"b6a3fe6d-1773-4366-a425-1c71eb4e3eda"}
[18:21:40 UTC] [SUCCESS] {"permissions":{"is_readable":true,"is_writable":true,"is_wp_filesystem":true},"directory":"C:\\xampp\\htdocs\\chicoxana\/wp-content\/uploads"} | Context: {"permissions":{"is_readable":true,"is_writable":true,"is_wp_filesystem":true},"directory":"C:\\xampp\\htdocs\\chicoxana\/wp-content\/uploads"}
[18:21:40 UTC] [INFO] Started Import Process
[18:21:40 UTC] [INFO] # System Details: 
[18:21:40 UTC] [INFO] Debug Mode 		: Desativado
[18:21:40 UTC] [INFO] Operating System 	: WINNT
[18:21:40 UTC] [INFO] Software 		: Apache/2.4.58 (Win64) OpenSSL/3.1.3 PHP/8.2.12
[18:21:40 UTC] [INFO] MySQL version 		: 10.4.32
[18:21:40 UTC] [INFO] XML Reader 		: Sim
[18:21:40 UTC] [INFO] PHP Version 		: 8.2.12
[18:21:40 UTC] [INFO] PHP Max Input Vars 	: 1000
[18:21:40 UTC] [INFO] PHP Max Post Size 	: 40M
[18:21:40 UTC] [INFO] PHP Extension GD 	: Não
[18:21:40 UTC] [INFO] PHP Max Execution Time 	: 120
[18:21:40 UTC] [INFO] Max Upload Size 	: 40 MB
[18:21:40 UTC] [INFO] Memory Limit 		: O limite de memória atual é 40M. Recomendamos definir a memória com pelo menos 64M.
[18:21:40 UTC] [INFO] Timezone 		: Africa/Maputo
[18:21:40 UTC] [INFO] 
-----

[18:21:40 UTC] [INFO] Importing Started! - 18:21:40 UTC
[18:21:40 UTC] [INFO] ---

[18:21:40 UTC] [INFO] WHY IMPORT PROCESS CAN FAIL? READ THIS - 
[18:21:40 UTC] [INFO] https://wpastra.com/docs/?p=1314&utm_source=demo-import-panel&utm_campaign=import-error&utm_medium=wp-dashboard

[18:21:40 UTC] [INFO] ---

[18:21:40 UTC] [SUCCESS] Import process start flag set successfully | Context: {"template_type":"ai"}
[18:21:47 UTC] [SUCCESS] {"required_plugins":{"active":[{"name":"Spectra","slug":"ultimate-addons-for-gutenberg","init":"ultimate-addons-for-gutenberg\/ultimate-addons-for-gutenberg.php"}],"inactive":[],"notinstalled":[{"name":"SureForms","slug":"sureforms","init":"sureforms\/sureforms.php","action":"http:\/\/localhost\/chicoxana\/wp-admin\/update.php?action=install-plugin&plugin=sureforms&_wpnonce=4d84573199"},{"name":"SureRank","slug":"surerank","init":"surerank\/surerank.php","action":"http:\/\/localhost\/chicoxana\/wp-admin\/update.php?action=install-plugin&plugin=surerank&_wpnonce=fda5a80a58"},{"name":"WooCommerce","slug":"woocommerce","init":"woocommerce\/woocommerce.php","action":"http:\/\/localhost\/chicoxana\/wp-admin\/update.php?action=install-plugin&plugin=woocommerce&_wpnonce=af6dfb2b91"},{"name":"LatePoint","slug":"latepoint","init":"latepoint\/latepoint.php","action":"http:\/\/localhost\/chicoxana\/wp-admin\/update.php?action=install-plugin&plugin=latepoint&_wpnonce=849f90039b"},{"name":"SureTriggers","slug":"suretriggers","init":"suretriggers\/suretriggers.php","action":"http:\/\/localhost\/chicoxana\/wp-admin\/update.php?action=install-plugin&plugin=suretriggers&_wpnonce=17c07a2da2"}]},"third_party_required_plugins":[],"update_avilable_plugins":[],"incompatible_plugins":[],"error":false} | Context: {"required_plugins":{"active":[{"name":"Spectra","slug":"ultimate-addons-for-gutenberg","init":"ultimate-addons-for-gutenberg\/ultimate-addons-for-gutenberg.php"}],"inactive":[],"notinstalled":[{"name":"SureForms","slug":"sureforms","init":"sureforms\/sureforms.php","action":"http:\/\/localhost\/chicoxana\/wp-admin\/update.php?action=install-plugin&plugin=sureforms&_wpnonce=4d84573199"},{"name":"SureRank","slug":"surerank","init":"surerank\/surerank.php","action":"http:\/\/localhost\/chicoxana\/wp-admin\/update.php?action=install-plugin&plugin=surerank&_wpnonce=fda5a80a58"},{"name":"WooCommerce","slug":"woocommerce","init":"woocommerce\/woocommerce.php","action":"http:\/\/localhost\/chicoxana\/wp-admin\/update.php?action=install-plugin&plugin=woocommerce&_wpnonce=af6dfb2b91"},{"name":"LatePoint","slug":"latepoint","init":"latepoint\/latepoint.php","action":"http:\/\/localhost\/chicoxana\/wp-admin\/update.php?action=install-plugin&plugin=latepoint&_wpnonce=849f90039b"},{"name":"SureTriggers","slug":"suretriggers","init":"suretriggers\/suretriggers.php","action":"http:\/\/localhost\/chicoxana\/wp-admin\/update.php?action=install-plugin&plugin=suretriggers&_wpnonce=17c07a2da2"}]},"third_party_required_plugins":[],"update_avilable_plugins":[],"incompatible_plugins":[],"error":false}
[18:21:50 UTC] [SUCCESS] {"permissions":{"is_readable":true,"is_writable":true,"is_wp_filesystem":true},"directory":"C:\\xampp\\htdocs\\chicoxana\/wp-content\/uploads"} | Context: {"permissions":{"is_readable":true,"is_writable":true,"is_wp_filesystem":true},"directory":"C:\\xampp\\htdocs\\chicoxana\/wp-content\/uploads"}
[18:22:11 UTC] [INFO] Checking if plugin directory clearing is needed
[18:22:11 UTC] [INFO] Plugin install clear directory - Not an Astra Sites request, skipping
[18:23:47 UTC] [INFO] Checking if plugin directory clearing is needed
[18:23:47 UTC] [INFO] Plugin install clear directory - Not an Astra Sites request, skipping
[18:24:07 UTC] [INFO] Checking if plugin directory clearing is needed
[18:24:07 UTC] [INFO] Plugin install clear directory - Not an Astra Sites request, skipping
[18:24:10 UTC] [INFO] Starting import process | Context: {"template_type":"ai","uuid":"b6a3fe6d-1773-4366-a425-1c71eb4e3eda"}
[18:24:10 UTC] [INFO] AI import started flag set | Context: {"uuid":"b6a3fe6d-1773-4366-a425-1c71eb4e3eda"}
[18:24:10 UTC] [INFO] Started Import Process
[18:24:10 UTC] [INFO] # System Details: 
[18:24:10 UTC] [INFO] Debug Mode 		: Desativado
[18:24:10 UTC] [INFO] Operating System 	: WINNT
[18:24:10 UTC] [INFO] Software 		: Apache/2.4.58 (Win64) OpenSSL/3.1.3 PHP/8.2.12
[18:24:10 UTC] [INFO] MySQL version 		: 10.4.32
[18:24:10 UTC] [INFO] XML Reader 		: Sim
[18:24:10 UTC] [INFO] PHP Version 		: 8.2.12
[18:24:10 UTC] [INFO] PHP Max Input Vars 	: 1000
[18:24:10 UTC] [INFO] PHP Max Post Size 	: 40M
[18:24:10 UTC] [INFO] PHP Extension GD 	: Não
[18:24:10 UTC] [INFO] PHP Max Execution Time 	: 120
[18:24:10 UTC] [INFO] Max Upload Size 	: 40 MB
[18:24:10 UTC] [INFO] Memory Limit 		: O limite de memória atual é 40M. Recomendamos definir a memória com pelo menos 64M.
[18:24:10 UTC] [INFO] Timezone 		: Africa/Maputo
[18:24:10 UTC] [INFO] 
-----

[18:24:10 UTC] [INFO] Importing Started! - 18:24:10 UTC
[18:24:10 UTC] [INFO] ---

[18:24:10 UTC] [INFO] WHY IMPORT PROCESS CAN FAIL? READ THIS - 
[18:24:10 UTC] [INFO] https://wpastra.com/docs/?p=1314&utm_source=demo-import-panel&utm_campaign=import-error&utm_medium=wp-dashboard

[18:24:10 UTC] [INFO] ---

[18:24:10 UTC] [SUCCESS] Import process start flag set successfully | Context: {"template_type":"ai"}
[18:24:13 UTC] [SUCCESS] Plugin ativado | Context: {"success":true,"status":"activated","message":"Plugin ativado"}
[18:24:14 UTC] [INFO] Checking if plugin directory clearing is needed
[18:24:14 UTC] [INFO] Plugin install clear directory - Not an Astra Sites request, skipping
[18:24:18 UTC] [SUCCESS] {"required_plugins":{"active":[{"name":"Spectra","slug":"ultimate-addons-for-gutenberg","init":"ultimate-addons-for-gutenberg\/ultimate-addons-for-gutenberg.php"},{"name":"SureRank","slug":"surerank","init":"surerank\/surerank.php"}],"inactive":[],"notinstalled":[{"name":"SureForms","slug":"sureforms","init":"sureforms\/sureforms.php","action":"http:\/\/localhost\/chicoxana\/wp-admin\/update.php?action=install-plugin&plugin=sureforms&_wpnonce=4d84573199"},{"name":"WooCommerce","slug":"woocommerce","init":"woocommerce\/woocommerce.php","action":"http:\/\/localhost\/chicoxana\/wp-admin\/update.php?action=install-plugin&plugin=woocommerce&_wpnonce=af6dfb2b91"},{"name":"LatePoint","slug":"latepoint","init":"latepoint\/latepoint.php","action":"http:\/\/localhost\/chicoxana\/wp-admin\/update.php?action=install-plugin&plugin=latepoint&_wpnonce=849f90039b"},{"name":"SureTriggers","slug":"suretriggers","init":"suretriggers\/suretriggers.php","action":"http:\/\/localhost\/chicoxana\/wp-admin\/update.php?action=install-plugin&plugin=suretriggers&_wpnonce=17c07a2da2"}]},"third_party_required_plugins":[],"update_avilable_plugins":[],"incompatible_plugins":[],"error":false} | Context: {"required_plugins":{"active":[{"name":"Spectra","slug":"ultimate-addons-for-gutenberg","init":"ultimate-addons-for-gutenberg\/ultimate-addons-for-gutenberg.php"},{"name":"SureRank","slug":"surerank","init":"surerank\/surerank.php"}],"inactive":[],"notinstalled":[{"name":"SureForms","slug":"sureforms","init":"sureforms\/sureforms.php","action":"http:\/\/localhost\/chicoxana\/wp-admin\/update.php?action=install-plugin&plugin=sureforms&_wpnonce=4d84573199"},{"name":"WooCommerce","slug":"woocommerce","init":"woocommerce\/woocommerce.php","action":"http:\/\/localhost\/chicoxana\/wp-admin\/update.php?action=install-plugin&plugin=woocommerce&_wpnonce=af6dfb2b91"},{"name":"LatePoint","slug":"latepoint","init":"latepoint\/latepoint.php","action":"http:\/\/localhost\/chicoxana\/wp-admin\/update.php?action=install-plugin&plugin=latepoint&_wpnonce=849f90039b"},{"name":"SureTriggers","slug":"suretriggers","init":"suretriggers\/suretriggers.php","action":"http:\/\/localhost\/chicoxana\/wp-admin\/update.php?action=install-plugin&plugin=suretriggers&_wpnonce=17c07a2da2"}]},"third_party_required_plugins":[],"update_avilable_plugins":[],"incompatible_plugins":[],"error":false}
[18:24:21 UTC] [SUCCESS] {"permissions":{"is_readable":true,"is_writable":true,"is_wp_filesystem":true},"directory":"C:\\xampp\\htdocs\\chicoxana\/wp-content\/uploads"} | Context: {"permissions":{"is_readable":true,"is_writable":true,"is_wp_filesystem":true},"directory":"C:\\xampp\\htdocs\\chicoxana\/wp-content\/uploads"}
[18:25:18 UTC] [INFO] Import process completed. Cleaning up log file option.
[18:26:18 UTC] [INFO] Checking if plugin directory clearing is needed
[18:26:18 UTC] [INFO] Plugin install clear directory - Not an Astra Sites request, skipping